client connected
as
client connected
lllllll
Client disconnected
Client disconnected
Client disconnected
client connected
asd
asd
client connected
fghg
Client disconnected
Client disconnected
Client disconnected
client connected
client connected
Client disconnected
client connected
client connected
Client disconnected
Client disconnected
Client disconnected
client connected
client connected
client connected
Client disconnected
Client disconnected
Client disconnected
Client disconnected
Client disconnected
Client disconnected
Client disconnected
Client disconnected
Client disconnected
client connected
client connected
Client disconnected
